[ 2018-04-02T13:22:38+08:00 ] 106.11.227.165 /
INFO: [ app_begin ] --START--
INFO: Run Behavior\ReadHtmlCacheBehavior [ RunTime:0.027434s ]
INFO: Run Behavior\CheckLangBehavior [ RunTime:0.024141s ]
INFO: Run Common\Behavior\UrldecodeGetBehavior [ RunTime:0.002678s ]
INFO: [ app_begin ] --END-- [ RunTime:0.069084s ]
NOTIC: [8] Undefined index: token /www/wwwroot/sr.bsvmv.cn/application/Common/Controller/HomebaseController.class.php 第 23 行.
NOTIC: [8] Undefined index: uid /www/wwwroot/sr.bsvmv.cn/application/Common/Controller/HomebaseController.class.php 第 34 行.
NOTIC: [8] Undefined index: code /www/wwwroot/sr.bsvmv.cn/application/Common/Controller/HomebaseController.class.php 第 34 行.

[ 2018-04-02T13:22:40+08:00 ] 106.11.226.231 /
INFO: [ app_begin ] --START--
INFO: Run Behavior\ReadHtmlCacheBehavior [ RunTime:0.000366s ]
INFO: Run Behavior\CheckLangBehavior [ RunTime:0.000453s ]
INFO: Run Common\Behavior\UrldecodeGetBehavior [ RunTime:0.000174s ]
INFO: [ app_begin ] --END-- [ RunTime:0.001245s ]
NOTIC: [8] Undefined index: token /www/wwwroot/sr.bsvmv.cn/application/Common/Controller/HomebaseController.class.php 第 23 行.
NOTIC: [8] Undefined index: uid /www/wwwroot/sr.bsvmv.cn/application/Common/Controller/HomebaseController.class.php 第 34 行.
NOTIC: [8] Undefined index: code /www/wwwroot/sr.bsvmv.cn/application/Common/Controller/HomebaseController.class.php 第 34 行.

[ 2018-04-02T13:22:40+08:00 ] 106.11.226.33 /
INFO: [ app_begin ] --START--
INFO: Run Behavior\ReadHtmlCacheBehavior [ RunTime:0.000282s ]
INFO: Run Behavior\CheckLangBehavior [ RunTime:0.000407s ]
INFO: Run Common\Behavior\UrldecodeGetBehavior [ RunTime:0.000173s ]
INFO: [ app_begin ] --END-- [ RunTime:0.001088s ]
NOTIC: [8] Undefined index: token /www/wwwroot/sr.bsvmv.cn/application/Common/Controller/HomebaseController.class.php 第 23 行.
NOTIC: [8] Undefined index: uid /www/wwwroot/sr.bsvmv.cn/application/Common/Controller/HomebaseController.class.php 第 34 行.
NOTIC: [8] Undefined index: code /www/wwwroot/sr.bsvmv.cn/application/Common/Controller/HomebaseController.class.php 第 34 行.

[ 2018-04-02T13:36:50+08:00 ] 106.11.242.82 /
INFO: [ app_begin ] --START--
INFO: Run Behavior\ReadHtmlCacheBehavior [ RunTime:0.000284s ]
INFO: Run Behavior\CheckLangBehavior [ RunTime:0.000413s ]
INFO: Run Common\Behavior\UrldecodeGetBehavior [ RunTime:0.000158s ]
INFO: [ app_begin ] --END-- [ RunTime:0.001084s ]
NOTIC: [8] Undefined index: token /www/wwwroot/sr.bsvmv.cn/application/Common/Controller/HomebaseController.class.php 第 23 行.
NOTIC: [8] Undefined index: uid /www/wwwroot/sr.bsvmv.cn/application/Common/Controller/HomebaseController.class.php 第 34 行.
NOTIC: [8] Undefined index: code /www/wwwroot/sr.bsvmv.cn/application/Common/Controller/HomebaseController.class.php 第 34 行.

[ 2018-04-02T13:36:50+08:00 ] 106.11.242.192 /
INFO: [ app_begin ] --START--
INFO: Run Behavior\ReadHtmlCacheBehavior [ RunTime:0.000286s ]
INFO: Run Behavior\CheckLangBehavior [ RunTime:0.000399s ]
INFO: Run Common\Behavior\UrldecodeGetBehavior [ RunTime:0.000168s ]
INFO: [ app_begin ] --END-- [ RunTime:0.001095s ]
NOTIC: [8] Undefined index: token /www/wwwroot/sr.bsvmv.cn/application/Common/Controller/HomebaseController.class.php 第 23 行.
NOTIC: [8] Undefined index: uid /www/wwwroot/sr.bsvmv.cn/application/Common/Controller/HomebaseController.class.php 第 34 行.
NOTIC: [8] Undefined index: code /www/wwwroot/sr.bsvmv.cn/application/Common/Controller/HomebaseController.class.php 第 34 行.

[ 2018-04-02T13:36:50+08:00 ] 106.11.226.149 /
INFO: [ app_begin ] --START--
INFO: Run Behavior\ReadHtmlCacheBehavior [ RunTime:0.000285s ]
INFO: Run Behavior\CheckLangBehavior [ RunTime:0.000423s ]
INFO: Run Common\Behavior\UrldecodeGetBehavior [ RunTime:0.000156s ]
INFO: [ app_begin ] --END-- [ RunTime:0.001090s ]
NOTIC: [8] Undefined index: token /www/wwwroot/sr.bsvmv.cn/application/Common/Controller/HomebaseController.class.php 第 23 行.
NOTIC: [8] Undefined index: uid /www/wwwroot/sr.bsvmv.cn/application/Common/Controller/HomebaseController.class.php 第 34 行.
NOTIC: [8] Undefined index: code /www/wwwroot/sr.bsvmv.cn/application/Common/Controller/HomebaseController.class.php 第 34 行.

[ 2018-04-02T13:37:01+08:00 ] 106.11.227.53 /
INFO: [ app_begin ] --START--
INFO: Run Behavior\ReadHtmlCacheBehavior [ RunTime:0.000288s ]
INFO: Run Behavior\CheckLangBehavior [ RunTime:0.000437s ]
INFO: Run Common\Behavior\UrldecodeGetBehavior [ RunTime:0.000168s ]
INFO: [ app_begin ] --END-- [ RunTime:0.001144s ]
NOTIC: [8] Undefined index: token /www/wwwroot/sr.bsvmv.cn/application/Common/Controller/HomebaseController.class.php 第 23 行.
NOTIC: [8] Undefined index: uid /www/wwwroot/sr.bsvmv.cn/application/Common/Controller/HomebaseController.class.php 第 34 行.
NOTIC: [8] Undefined index: code /www/wwwroot/sr.bsvmv.cn/application/Common/Controller/HomebaseController.class.php 第 34 行.

[ 2018-04-02T13:37:01+08:00 ] 106.11.227.95 /
INFO: [ app_begin ] --START--
INFO: Run Behavior\ReadHtmlCacheBehavior [ RunTime:0.000284s ]
INFO: Run Behavior\CheckLangBehavior [ RunTime:0.000425s ]
INFO: Run Common\Behavior\UrldecodeGetBehavior [ RunTime:0.000154s ]
INFO: [ app_begin ] --END-- [ RunTime:0.001085s ]
NOTIC: [8] Undefined index: token /www/wwwroot/sr.bsvmv.cn/application/Common/Controller/HomebaseController.class.php 第 23 行.
NOTIC: [8] Undefined index: uid /www/wwwroot/sr.bsvmv.cn/application/Common/Controller/HomebaseController.class.php 第 34 行.
NOTIC: [8] Undefined index: code /www/wwwroot/sr.bsvmv.cn/application/Common/Controller/HomebaseController.class.php 第 34 行.

[ 2018-04-02T13:37:11+08:00 ] 106.11.226.50 /
INFO: [ app_begin ] --START--
INFO: Run Behavior\ReadHtmlCacheBehavior [ RunTime:0.000282s ]
INFO: Run Behavior\CheckLangBehavior [ RunTime:0.000392s ]
INFO: Run Common\Behavior\UrldecodeGetBehavior [ RunTime:0.000201s ]
INFO: [ app_begin ] --END-- [ RunTime:0.001105s ]
NOTIC: [8] Undefined index: token /www/wwwroot/sr.bsvmv.cn/application/Common/Controller/HomebaseController.class.php 第 23 行.
NOTIC: [8] Undefined index: uid /www/wwwroot/sr.bsvmv.cn/application/Common/Controller/HomebaseController.class.php 第 34 行.
NOTIC: [8] Undefined index: code /www/wwwroot/sr.bsvmv.cn/application/Common/Controller/HomebaseController.class.php 第 34 行.

[ 2018-04-02T13:37:11+08:00 ] 106.11.242.245 /
INFO: [ app_begin ] --START--
INFO: Run Behavior\ReadHtmlCacheBehavior [ RunTime:0.000288s ]
INFO: Run Behavior\CheckLangBehavior [ RunTime:0.000399s ]
INFO: Run Common\Behavior\UrldecodeGetBehavior [ RunTime:0.000155s ]
INFO: [ app_begin ] --END-- [ RunTime:0.001090s ]
NOTIC: [8] Undefined index: token /www/wwwroot/sr.bsvmv.cn/application/Common/Controller/HomebaseController.class.php 第 23 行.
NOTIC: [8] Undefined index: uid /www/wwwroot/sr.bsvmv.cn/application/Common/Controller/HomebaseController.class.php 第 34 行.
NOTIC: [8] Undefined index: code /www/wwwroot/sr.bsvmv.cn/application/Common/Controller/HomebaseController.class.php 第 34 行.

[ 2018-04-02T13:37:12+08:00 ] 106.11.225.239 /
INFO: [ app_begin ] --START--
INFO: Run Behavior\ReadHtmlCacheBehavior [ RunTime:0.000286s ]
INFO: Run Behavior\CheckLangBehavior [ RunTime:0.000444s ]
INFO: Run Common\Behavior\UrldecodeGetBehavior [ RunTime:0.000155s ]
INFO: [ app_begin ] --END-- [ RunTime:0.001110s ]
NOTIC: [8] Undefined index: token /www/wwwroot/sr.bsvmv.cn/application/Common/Controller/HomebaseController.class.php 第 23 行.
NOTIC: [8] Undefined index: uid /www/wwwroot/sr.bsvmv.cn/application/Common/Controller/HomebaseController.class.php 第 34 行.
NOTIC: [8] Undefined index: code /www/wwwroot/sr.bsvmv.cn/application/Common/Controller/HomebaseController.class.php 第 34 行.

[ 2018-04-02T13:37:12+08:00 ] 106.11.227.113 /
INFO: [ app_begin ] --START--
INFO: Run Behavior\ReadHtmlCacheBehavior [ RunTime:0.000284s ]
INFO: Run Behavior\CheckLangBehavior [ RunTime:0.000465s ]
INFO: Run Common\Behavior\UrldecodeGetBehavior [ RunTime:0.000153s ]
INFO: [ app_begin ] --END-- [ RunTime:0.001127s ]
NOTIC: [8] Undefined index: token /www/wwwroot/sr.bsvmv.cn/application/Common/Controller/HomebaseController.class.php 第 23 行.
NOTIC: [8] Undefined index: uid /www/wwwroot/sr.bsvmv.cn/application/Common/Controller/HomebaseController.class.php 第 34 行.
NOTIC: [8] Undefined index: code /www/wwwroot/sr.bsvmv.cn/application/Common/Controller/HomebaseController.class.php 第 34 行.

[ 2018-04-02T13:37:22+08:00 ] 106.11.242.229 /
INFO: [ app_begin ] --START--
INFO: Run Behavior\ReadHtmlCacheBehavior [ RunTime:0.000283s ]
INFO: Run Behavior\CheckLangBehavior [ RunTime:0.000393s ]
INFO: Run Common\Behavior\UrldecodeGetBehavior [ RunTime:0.000178s ]
INFO: [ app_begin ] --END-- [ RunTime:0.001085s ]
NOTIC: [8] Undefined index: token /www/wwwroot/sr.bsvmv.cn/application/Common/Controller/HomebaseController.class.php 第 23 行.
NOTIC: [8] Undefined index: uid /www/wwwroot/sr.bsvmv.cn/application/Common/Controller/HomebaseController.class.php 第 34 行.
NOTIC: [8] Undefined index: code /www/wwwroot/sr.bsvmv.cn/application/Common/Controller/HomebaseController.class.php 第 34 行.

[ 2018-04-02T13:37:22+08:00 ] 106.11.242.206 /
INFO: [ app_begin ] --START--
INFO: Run Behavior\ReadHtmlCacheBehavior [ RunTime:0.000285s ]
INFO: Run Behavior\CheckLangBehavior [ RunTime:0.000418s ]
INFO: Run Common\Behavior\UrldecodeGetBehavior [ RunTime:0.000159s ]
INFO: [ app_begin ] --END-- [ RunTime:0.001090s ]
NOTIC: [8] Undefined index: token /www/wwwroot/sr.bsvmv.cn/application/Common/Controller/HomebaseController.class.php 第 23 行.
NOTIC: [8] Undefined index: uid /www/wwwroot/sr.bsvmv.cn/application/Common/Controller/HomebaseController.class.php 第 34 行.
NOTIC: [8] Undefined index: code /www/wwwroot/sr.bsvmv.cn/application/Common/Controller/HomebaseController.class.php 第 34 行.

